[1221/102344.226:ERROR:directory_reader_win.cc(43)] FindFirstFile: The system cannot find the path specified. (0x3)
[1221/112223.050:ERROR:directory_reader_win.cc(43)] FindFirstFile: The system cannot find the path specified. (0x3)
[1221/130142.034:ERROR:directory_reader_win.cc(43)] FindFirstFile: The system cannot find the path specified. (0x3)
[1221/135008.093:ERROR:process_memory_win.cc(73)] ReadMemory at 0x7ff612ac0000 of 64 bytes failed: Only part of a ReadProcessMemory or WriteProcessMemory request was completed. (0x12B)
[1221/135008.754:WARNING:pe_image_reader.cc(340)] could not read dos header from C:\Program Files (x86)\Google\Chrome\Application\chrome.exe
[1221/135008.754:ERROR:process_memory_win.cc(73)] ReadMemory at 0x7ff94adf0000 of 64 bytes failed: Only part of a ReadProcessMemory or WriteProcessMemory request was completed. (0x12B)
[1221/135008.754:WARNING:pe_image_reader.cc(340)] could not read dos header from C:\WINDOWS\SYSTEM32\ntdll.dll
[1221/135008.754:ERROR:process_memory_win.cc(73)] ReadMemory at 0x7ff948680000 of 64 bytes failed: Only part of a ReadProcessMemory or WriteProcessMemory request was completed. (0x12B)
[1221/135008.754:WARNING:pe_image_reader.cc(340)] could not read dos header from C:\WINDOWS\system32\KERNEL32.DLL
[1221/135008.755:ERROR:process_memory_win.cc(73)] ReadMemory at 0x7ff947d90000 of 64 bytes failed: Only part of a ReadProcessMemory or WriteProcessMemory request was completed. (0x12B)
[1221/135008.755:WARNING:pe_image_reader.cc(340)] could not read dos header from C:\WINDOWS\system32\KERNELBASE.dll
[1221/135008.755:ERROR:process_memory_win.cc(73)] ReadMemory at 0x7ff9368c0000 of 64 bytes failed: Only part of a ReadProcessMemory or WriteProcessMemory request was completed. (0x12B)
[1221/135008.755:WARNING:pe_image_reader.cc(340)] could not read dos header from C:\Program Files (x86)\Google\Chrome\Application\87.0.4280.88\chrome_elf.dll
[1221/135008.755:ERROR:process_memory_win.cc(73)] ReadMemory at 0x7ff943b70000 of 64 bytes failed: Only part of a ReadProcessMemory or WriteProcessMemory request was completed. (0x12B)
[1221/135008.755:WARNING:pe_image_reader.cc(340)] could not read dos header from C:\WINDOWS\SYSTEM32\VERSION.dll
[1221/135008.755:ERROR:process_memory_win.cc(73)] ReadMemory at 0x7ff948790000 of 64 bytes failed: Only part of a ReadProcessMemory or WriteProcessMemory request was completed. (0x12B)
[1221/135008.755:WARNING:pe_image_reader.cc(340)] could not read dos header from C:\WINDOWS\system32\msvcrt.dll
[1221/135008.755:ERROR:process_memory_win.cc(73)] ReadMemory at 0x7ff9476d0000 of 64 bytes failed: Only part of a ReadProcessMemory or WriteProcessMemory request was completed. (0x12B)
[1221/135008.755:WARNING:pe_image_reader.cc(340)] could not read dos header from C:\WINDOWS\system32\bcryptPrimitives.dll
[1221/135008.755:ERROR:process_memory_win.cc(73)] ReadMemory at 0x7ff9482e0000 of 64 bytes failed: Only part of a ReadProcessMemory or WriteProcessMemory request was completed. (0x12B)
[1221/135008.755:WARNING:pe_image_reader.cc(340)] could not read dos header from C:\WINDOWS\system32\ADVAPI32.dll
[1221/135008.755:ERROR:process_memory_win.cc(73)] ReadMemory at 0x7ff949170000 of 64 bytes failed: Only part of a ReadProcessMemory or WriteProcessMemory request was completed. (0x12B)
[1221/135008.755:WARNING:pe_image_reader.cc(340)] could not read dos header from C:\WINDOWS\system32\sechost.dll
[1221/135008.755:ERROR:process_memory_win.cc(73)] ReadMemory at 0x7ff949620000 of 64 bytes failed: Only part of a ReadProcessMemory or WriteProcessMemory request was completed. (0x12B)
[1221/135008.755:WARNING:pe_image_reader.cc(340)] could not read dos header from C:\WINDOWS\system32\RPCRT4.dll
[1221/135008.755:ERROR:process_memory_win.cc(73)] ReadMemory at 0x7ff90e9e0000 of 64 bytes failed: Only part of a ReadProcessMemory or WriteProcessMemory request was completed. (0x12B)
[1221/135008.755:WARNING:pe_image_reader.cc(340)] could not read dos header from C:\Program Files (x86)\Google\Chrome\Application\87.0.4280.88\chrome.dll
[1221/135008.755:ERROR:process_memory_win.cc(73)] ReadMemory at 0x7ff949100000 of 64 bytes failed: Only part of a ReadProcessMemory or WriteProcessMemory request was completed. (0x12B)
[1221/135008.834:WARNING:pe_image_reader.cc(340)] could not read dos header from C:\WINDOWS\system32\WS2_32.dll
[1221/135008.834:ERROR:process_memory_win.cc(73)] ReadMemory at 0x7ff9497a0000 of 64 bytes failed: Only part of a ReadProcessMemory or WriteProcessMemory request was completed. (0x12B)
[1221/135008.834:WARNING:pe_image_reader.cc(340)] could not read dos header from C:\WINDOWS\system32\OLEAUT32.dll
[1221/135008.834:ERROR:process_memory_win.cc(73)] ReadMemory at 0x7ff9493a0000 of 64 bytes failed: Only part of a ReadProcessMemory or WriteProcessMemory request was completed. (0x12B)
[1221/135008.834:WARNING:pe_image_reader.cc(340)] could not read dos header from C:\WINDOWS\system32\combase.dll
[1221/135008.834:ERROR:process_memory_win.cc(73)] ReadMemory at 0x7ff9474a0000 of 64 bytes failed: Only part of a ReadProcessMemory or WriteProcessMemory request was completed. (0x12B)
[1221/135008.834:WARNING:pe_image_reader.cc(340)] could not read dos header from C:\WINDOWS\system32\WINTRUST.dll
[1221/135008.834:ERROR:process_memory_win.cc(73)] ReadMemory at 0x7ff947490000 of 64 bytes failed: Only part of a ReadProcessMemory or WriteProcessMemory request was completed. (0x12B)
[1221/135008.834:WARNING:pe_image_reader.cc(340)] could not read dos header from C:\WINDOWS\system32\MSASN1.dll
[1221/135008.834:ERROR:process_memory_win.cc(73)] ReadMemory at 0x7ff947500000 of 64 bytes failed: Only part of a ReadProcessMemory or WriteProcessMemory request was completed. (0x12B)
[1221/135008.834:WARNING:pe_image_reader.cc(340)] could not read dos header from C:\WINDOWS\system32\CRYPT32.dll
[1221/135008.834:ERROR:process_memory_win.cc(73)] ReadMemory at 0x7ff938730000 of 64 bytes failed: Only part of a ReadProcessMemory or WriteProcessMemory request was completed. (0x12B)
[1221/135008.834:WARNING:pe_image_reader.cc(340)] could not read dos header from C:\WINDOWS\SYSTEM32\dbghelp.dll
[1221/135008.834:ERROR:process_memory_win.cc(73)] ReadMemory at 0x7ff943b20000 of 64 bytes failed: Only part of a ReadProcessMemory or WriteProcessMemory request was completed. (0x12B)
[1221/135008.834:WARNING:pe_image_reader.cc(340)] could not read dos header from C:\WINDOWS\SYSTEM32\IPHLPAPI.DLL
[1221/135008.834:ERROR:process_memory_win.cc(73)] ReadMemory at 0x7ff945640000 of 64 bytes failed: Only part of a ReadProcessMemory or WriteProcessMemory request was completed. (0x12B)
[1221/135008.834:WARNING:pe_image_reader.cc(340)] could not read dos header from C:\WINDOWS\SYSTEM32\WINMM.dll
[1221/135008.834:ERROR:process_memory_win.cc(73)] ReadMemory at 0x7ff948830000 of 64 bytes failed: Only part of a ReadProcessMemory or WriteProcessMemory request was completed. (0x12B)
[1221/135008.834:WARNING:pe_image_reader.cc(340)] could not read dos header from C:\WINDOWS\system32\USER32.dll
[1221/135008.834:ERROR:process_memory_win.cc(73)] ReadMemory at 0x7ff948f70000 of 64 bytes failed: Only part of a ReadProcessMemory or WriteProcessMemory request was completed. (0x12B)
[1221/135008.834:WARNING:pe_image_reader.cc(340)] could not read dos header from C:\WINDOWS\system32\GDI32.dll
[1221/135008.834:ERROR:process_memory_win.cc(73)] ReadMemory at 0x7ff937e20000 of 64 bytes failed: Only part of a ReadProcessMemory or WriteProcessMemory request was completed. (0x12B)
[1221/135008.834:WARNING:pe_image_reader.cc(340)] could not read dos header from C:\WINDOWS\SYSTEM32\UIAutomationCore.DLL
[1221/135008.835:ERROR:process_memory_win.cc(73)] ReadMemory at 0x7ff93b2f0000 of 64 bytes failed: Only part of a ReadProcessMemory or WriteProcessMemory request was completed. (0x12B)
[1221/135008.835:WARNING:pe_image_reader.cc(340)] could not read dos header from C:\WINDOWS\SYSTEM32\Secur32.dll
[1221/135008.835:ERROR:process_memory_win.cc(73)] ReadMemory at 0x7ff946bd0000 of 64 bytes failed: Only part of a ReadProcessMemory or WriteProcessMemory request was completed. (0x12B)
[1221/135008.835:WARNING:pe_image_reader.cc(340)] could not read dos header from C:\WINDOWS\SYSTEM32\USERENV.dll
[1221/135008.835:ERROR:process_memory_win.cc(73)] ReadMemory at 0x7ff947410000 of 64 bytes failed: Only part of a ReadProcessMemory or WriteProcessMemory request was completed. (0x12B)
[1221/135008.835:WARNING:pe_image_reader.cc(340)] could not read dos header from C:\WINDOWS\system32\profapi.dll
[1221/135008.835:ERROR:process_memory_win.cc(73)] ReadMemory at 0x7ff93d110000 of 64 bytes failed: Only part of a ReadProcessMemory or WriteProcessMemory request was completed. (0x12B)
[1221/135008.835:WARNING:pe_image_reader.cc(340)] could not read dos header from C:\WINDOWS\SYSTEM32\DWrite.dll
[1221/135008.835:ERROR:process_memory_win.cc(73)] ReadMemory at 0x7ff934250000 of 64 bytes failed: Only part of a ReadProcessMemory or WriteProcessMemory request was completed. (0x12B)
[1221/135008.835:WARNING:pe_image_reader.cc(340)] could not read dos header from C:\WINDOWS\SYSTEM32\WINSPOOL.DRV
[1221/135008.835:ERROR:process_memory_win.cc(73)] ReadMemory at 0x7ff941870000 of 64 bytes failed: Only part of a ReadProcessMemory or WriteProcessMemory request was completed. (0x12B)
[1221/135008.835:WARNING:pe_image_reader.cc(340)] could not read dos header from C:\WINDOWS\SYSTEM32\WINHTTP.dll
[1221/135008.835:ERROR:process_memory_win.cc(73)] ReadMemory at 0x7ff943ae0000 of 64 bytes failed: Only part of a ReadProcessMemory or WriteProcessMemory request was completed. (0x12B)
[1221/135008.835:WARNING:pe_image_reader.cc(340)] could not read dos header from C:\WINDOWS\SYSTEM32\dhcpcsvc.DLL
[1221/135008.835:ERROR:process_memory_win.cc(73)] ReadMemory at 0x7ff948560000 of 64 bytes failed: Only part of a ReadProcessMemory or WriteProcessMemory request was completed. (0x12B)
[1221/135008.835:WARNING:pe_image_reader.cc(340)] could not read dos header from C:\WINDOWS\system32\NSI.dll
[1221/135008.835:ERROR:process_memory_win.cc(73)] ReadMemory at 0x7ff9455e0000 of 64 bytes failed: Only part of a ReadProcessMemory or WriteProcessMemory request was completed. (0x12B)
[1221/135008.835:WARNING:pe_image_reader.cc(340)] could not read dos header from C:\WINDOWS\SYSTEM32\WINMMBASE.dll
[1221/135008.835:ERROR:process_memory_win.cc(73)] ReadMemory at 0x7ff9480c0000 of 64 bytes failed: Only part of a ReadProcessMemory or WriteProcessMemory request was completed. (0x12B)
[1221/135008.835:WARNING:pe_image_reader.cc(340)] could not read dos header from C:\WINDOWS\system32\cfgmgr32.dll
[1221/135008.835:ERROR:process_memory_win.cc(73)] ReadMemory at 0x7ff9472a0000 of 64 bytes failed: Only part of a ReadProcessMemory or WriteProcessMemory request was completed. (0x12B)
[1221/135008.835:WARNING:pe_image_reader.cc(340)] could not read dos header from C:\WINDOWS\SYSTEM32\bcrypt.dll
[1221/135008.835:ERROR:process_memory_win.cc(73)] ReadMemory at 0x7ff9470f0000 of 64 bytes failed: Only part of a ReadProcessMemory or WriteProcessMemory request was completed. (0x12B)
[1221/135008.835:WARNING:pe_image_reader.cc(340)] could not read dos header from C:\WINDOWS\SYSTEM32\SSPICLI.DLL
[1221/135008.835:ERROR:process_memory_win.cc(73)] ReadMemory at 0x7ff9482a0000 of 64 bytes failed: Only part of a ReadProcessMemory or WriteProcessMemory request was completed. (0x12B)
[1221/135008.835:WARNING:pe_image_reader.cc(340)] could not read dos header from C:\WINDOWS\system32\IMM32.DLL
[1221/135008.835:ERROR:process_memory_win.cc(73)] ReadMemory at 0x7ff946f10000 of 64 bytes failed: Only part of a ReadProcessMemory or WriteProcessMemory request was completed. (0x12B)
[1221/135008.836:WARNING:pe_image_reader.cc(340)] could not read dos header from C:\WINDOWS\SYSTEM32\CRYPTBASE.DLL
[1221/135009.867:ERROR:process_memory_win.cc(73)] ReadMemory at 0x7ff612ac0000 of 64 bytes failed: Only part of a ReadProcessMemory or WriteProcessMemory request was completed. (0x12B)
[1221/135009.867:WARNING:pe_image_reader.cc(340)] could not read dos header from C:\Program Files (x86)\Google\Chrome\Application\chrome.exe
[1221/135009.867:ERROR:process_memory_win.cc(73)] ReadMemory at 0x7ff94adf0000 of 64 bytes failed: Only part of a ReadProcessMemory or WriteProcessMemory request was completed. (0x12B)
[1221/135009.867:WARNING:pe_image_reader.cc(340)] could not read dos header from C:\WINDOWS\SYSTEM32\ntdll.dll
[1221/135009.867:ERROR:process_memory_win.cc(73)] ReadMemory at 0x7ff948680000 of 64 bytes failed: Only part of a ReadProcessMemory or WriteProcessMemory request was completed. (0x12B)
[1221/135009.867:WARNING:pe_image_reader.cc(340)] could not read dos header from C:\WINDOWS\system32\KERNEL32.DLL
[1221/135009.867:ERROR:process_memory_win.cc(73)] ReadMemory at 0x7ff947d90000 of 64 bytes failed: Only part of a ReadProcessMemory or WriteProcessMemory request was completed. (0x12B)
[1221/135009.867:WARNING:pe_image_reader.cc(340)] could not read dos header from C:\WINDOWS\system32\KERNELBASE.dll
[1221/135009.867:ERROR:process_memory_win.cc(73)] ReadMemory at 0x7ff9368c0000 of 64 bytes failed: Only part of a ReadProcessMemory or WriteProcessMemory request was completed. (0x12B)
[1221/135009.868:WARNING:pe_image_reader.cc(340)] could not read dos header from C:\Program Files (x86)\Google\Chrome\Application\87.0.4280.88\chrome_elf.dll
[1221/135009.868:ERROR:process_memory_win.cc(73)] ReadMemory at 0x7ff943b70000 of 64 bytes failed: Only part of a ReadProcessMemory or WriteProcessMemory request was completed. (0x12B)
[1221/135009.868:WARNING:pe_image_reader.cc(340)] could not read dos header from C:\WINDOWS\SYSTEM32\VERSION.dll
[1221/135009.868:ERROR:process_memory_win.cc(73)] ReadMemory at 0x7ff948790000 of 64 bytes failed: Only part of a ReadProcessMemory or WriteProcessMemory request was completed. (0x12B)
[1221/135009.868:WARNING:pe_image_reader.cc(340)] could not read dos header from C:\WINDOWS\system32\msvcrt.dll
[1221/135009.868:ERROR:process_memory_win.cc(73)] ReadMemory at 0x7ff9476d0000 of 64 bytes failed: Only part of a ReadProcessMemory or WriteProcessMemory request was completed. (0x12B)
[1221/135009.868:WARNING:pe_image_reader.cc(340)] could not read dos header from C:\WINDOWS\system32\bcryptPrimitives.dll
[1221/135009.868:ERROR:process_memory_win.cc(73)] ReadMemory at 0x7ff9482e0000 of 64 bytes failed: Only part of a ReadProcessMemory or WriteProcessMemory request was completed. (0x12B)
[1221/135009.868:WARNING:pe_image_reader.cc(340)] could not read dos header from C:\WINDOWS\system32\ADVAPI32.dll
[1221/135009.868:ERROR:process_memory_win.cc(73)] ReadMemory at 0x7ff949170000 of 64 bytes failed: Only part of a ReadProcessMemory or WriteProcessMemory request was completed. (0x12B)
[1221/135009.868:WARNING:pe_image_reader.cc(340)] could not read dos header from C:\WINDOWS\system32\sechost.dll
[1221/135009.868:ERROR:process_memory_win.cc(73)] ReadMemory at 0x7ff949620000 of 64 bytes failed: Only part of a ReadProcessMemory or WriteProcessMemory request was completed. (0x12B)
[1221/135009.868:WARNING:pe_image_reader.cc(340)] could not read dos header from C:\WINDOWS\system32\RPCRT4.dll
[1221/135009.868:ERROR:process_memory_win.cc(73)] ReadMemory at 0x7ff90e9e0000 of 64 bytes failed: Only part of a ReadProcessMemory or WriteProcessMemory request was completed. (0x12B)
[1221/135009.868:WARNING:pe_image_reader.cc(340)] could not read dos header from C:\Program Files (x86)\Google\Chrome\Application\87.0.4280.88\chrome.dll
[1221/135009.868:ERROR:process_memory_win.cc(73)] ReadMemory at 0x7ff949100000 of 64 bytes failed: Only part of a ReadProcessMemory or WriteProcessMemory request was completed. (0x12B)
[1221/135009.868:WARNING:pe_image_reader.cc(340)] could not read dos header from C:\WINDOWS\system32\WS2_32.dll
[1221/135009.868:ERROR:process_memory_win.cc(73)] ReadMemory at 0x7ff9497a0000 of 64 bytes failed: Only part of a ReadProcessMemory or WriteProcessMemory request was completed. (0x12B)
[1221/135009.868:WARNING:pe_image_reader.cc(340)] could not read dos header from C:\WINDOWS\system32\OLEAUT32.dll
[1221/135009.868:ERROR:process_memory_win.cc(73)] ReadMemory at 0x7ff9493a0000 of 64 bytes failed: Only part of a ReadProcessMemory or WriteProcessMemory request was completed. (0x12B)
[1221/135009.868:WARNING:pe_image_reader.cc(340)] could not read dos header from C:\WINDOWS\system32\combase.dll
[1221/135009.868:ERROR:process_memory_win.cc(73)] ReadMemory at 0x7ff9474a0000 of 64 bytes failed: Only part of a ReadProcessMemory or WriteProcessMemory request was completed. (0x12B)
[1221/135009.868:WARNING:pe_image_reader.cc(340)] could not read dos header from C:\WINDOWS\system32\WINTRUST.dll
[1221/135009.868:ERROR:process_memory_win.cc(73)] ReadMemory at 0x7ff947490000 of 64 bytes failed: Only part of a ReadProcessMemory or WriteProcessMemory request was completed. (0x12B)
[1221/135009.868:WARNING:pe_image_reader.cc(340)] could not read dos header from C:\WINDOWS\system32\MSASN1.dll
[1221/135009.869:ERROR:process_memory_win.cc(73)] ReadMemory at 0x7ff947500000 of 64 bytes failed: Only part of a ReadProcessMemory or WriteProcessMemory request was completed. (0x12B)
[1221/135009.869:WARNING:pe_image_reader.cc(340)] could not read dos header from C:\WINDOWS\system32\CRYPT32.dll
[1221/135009.869:ERROR:process_memory_win.cc(73)] ReadMemory at 0x7ff938730000 of 64 bytes failed: Only part of a ReadProcessMemory or WriteProcessMemory request was completed. (0x12B)
[1221/135009.869:WARNING:pe_image_reader.cc(340)] could not read dos header from C:\WINDOWS\SYSTEM32\dbghelp.dll
[1221/135009.869:ERROR:process_memory_win.cc(73)] ReadMemory at 0x7ff943b20000 of 64 bytes failed: Only part of a ReadProcessMemory or WriteProcessMemory request was completed. (0x12B)
[1221/135009.869:WARNING:pe_image_reader.cc(340)] could not read dos header from C:\WINDOWS\SYSTEM32\IPHLPAPI.DLL
[1221/135009.869:ERROR:process_memory_win.cc(73)] ReadMemory at 0x7ff945640000 of 64 bytes failed: Only part of a ReadProcessMemory or WriteProcessMemory request was completed. (0x12B)
[1221/135009.869:WARNING:pe_image_reader.cc(340)] could not read dos header from C:\WINDOWS\SYSTEM32\WINMM.dll
[1221/135009.869:ERROR:process_memory_win.cc(73)] ReadMemory at 0x7ff948830000 of 64 bytes failed: Only part of a ReadProcessMemory or WriteProcessMemory request was completed. (0x12B)
[1221/135009.869:WARNING:pe_image_reader.cc(340)] could not read dos header from C:\WINDOWS\system32\USER32.dll
[1221/135009.869:ERROR:process_memory_win.cc(73)] ReadMemory at 0x7ff948f70000 of 64 bytes failed: Only part of a ReadProcessMemory or WriteProcessMemory request was completed. (0x12B)
[1221/135009.869:WARNING:pe_image_reader.cc(340)] could not read dos header from C:\WINDOWS\system32\GDI32.dll
[1221/135009.869:ERROR:process_memory_win.cc(73)] ReadMemory at 0x7ff937e20000 of 64 bytes failed: Only part of a ReadProcessMemory or WriteProcessMemory request was completed. (0x12B)
[1221/135009.869:WARNING:pe_image_reader.cc(340)] could not read dos header from C:\WINDOWS\SYSTEM32\UIAutomationCore.DLL
[1221/135009.869:ERROR:process_memory_win.cc(73)] ReadMemory at 0x7ff93b2f0000 of 64 bytes failed: Only part of a ReadProcessMemory or WriteProcessMemory request was completed. (0x12B)
[1221/135009.869:WARNING:pe_image_reader.cc(340)] could not read dos header from C:\WINDOWS\SYSTEM32\Secur32.dll
[1221/135009.869:ERROR:process_memory_win.cc(73)] ReadMemory at 0x7ff946bd0000 of 64 bytes failed: Only part of a ReadProcessMemory or WriteProcessMemory request was completed. (0x12B)
[1221/135009.869:WARNING:pe_image_reader.cc(340)] could not read dos header from C:\WINDOWS\SYSTEM32\USERENV.dll
[1221/135009.869:ERROR:process_memory_win.cc(73)] ReadMemory at 0x7ff947410000 of 64 bytes failed: Only part of a ReadProcessMemory or WriteProcessMemory request was completed. (0x12B)
[1221/135009.869:WARNING:pe_image_reader.cc(340)] could not read dos header from C:\WINDOWS\system32\profapi.dll
[1221/135009.869:ERROR:process_memory_win.cc(73)] ReadMemory at 0x7ff93d110000 of 64 bytes failed: Only part of a ReadProcessMemory or WriteProcessMemory request was completed. (0x12B)
[1221/135009.869:WARNING:pe_image_reader.cc(340)] could not read dos header from C:\WINDOWS\SYSTEM32\DWrite.dll
[1221/135009.869:ERROR:process_memory_win.cc(73)] ReadMemory at 0x7ff934250000 of 64 bytes failed: Only part of a ReadProcessMemory or WriteProcessMemory request was completed. (0x12B)
[1221/135009.869:WARNING:pe_image_reader.cc(340)] could not read dos header from C:\WINDOWS\SYSTEM32\WINSPOOL.DRV
[1221/135009.869:ERROR:process_memory_win.cc(73)] ReadMemory at 0x7ff941870000 of 64 bytes failed: Only part of a ReadProcessMemory or WriteProcessMemory request was completed. (0x12B)
[1221/135009.869:WARNING:pe_image_reader.cc(340)] could not read dos header from C:\WINDOWS\SYSTEM32\WINHTTP.dll
[1221/135009.869:ERROR:process_memory_win.cc(73)] ReadMemory at 0x7ff943ae0000 of 64 bytes failed: Only part of a ReadProcessMemory or WriteProcessMemory request was completed. (0x12B)
[1221/135009.869:WARNING:pe_image_reader.cc(340)] could not read dos header from C:\WINDOWS\SYSTEM32\dhcpcsvc.DLL
[1221/135009.869:ERROR:process_memory_win.cc(73)] ReadMemory at 0x7ff948560000 of 64 bytes failed: Only part of a ReadProcessMemory or WriteProcessMemory request was completed. (0x12B)
[1221/135009.870:WARNING:pe_image_reader.cc(340)] could not read dos header from C:\WINDOWS\system32\NSI.dll
[1221/135009.870:ERROR:process_memory_win.cc(73)] ReadMemory at 0x7ff9455e0000 of 64 bytes failed: Only part of a ReadProcessMemory or WriteProcessMemory request was completed. (0x12B)
[1221/135009.870:WARNING:pe_image_reader.cc(340)] could not read dos header from C:\WINDOWS\SYSTEM32\WINMMBASE.dll
[1221/135009.870:ERROR:process_memory_win.cc(73)] ReadMemory at 0x7ff9480c0000 of 64 bytes failed: Only part of a ReadProcessMemory or WriteProcessMemory request was completed. (0x12B)
[1221/135009.870:WARNING:pe_image_reader.cc(340)] could not read dos header from C:\WINDOWS\system32\cfgmgr32.dll
[1221/135009.870:ERROR:process_memory_win.cc(73)] ReadMemory at 0x7ff9472a0000 of 64 bytes failed: Only part of a ReadProcessMemory or WriteProcessMemory request was completed. (0x12B)
[1221/135009.870:WARNING:pe_image_reader.cc(340)] could not read dos header from C:\WINDOWS\SYSTEM32\bcrypt.dll
[1221/135009.870:ERROR:process_memory_win.cc(73)] ReadMemory at 0x7ff9470f0000 of 64 bytes failed: Only part of a ReadProcessMemory or WriteProcessMemory request was completed. (0x12B)
[1221/135009.870:WARNING:pe_image_reader.cc(340)] could not read dos header from C:\WINDOWS\SYSTEM32\SSPICLI.DLL
[1221/135009.870:ERROR:process_memory_win.cc(73)] ReadMemory at 0x7ff9482a0000 of 64 bytes failed: Only part of a ReadProcessMemory or WriteProcessMemory request was completed. (0x12B)
[1221/135009.870:WARNING:pe_image_reader.cc(340)] could not read dos header from C:\WINDOWS\system32\IMM32.DLL
[1221/135009.870:ERROR:process_memory_win.cc(73)] ReadMemory at 0x7ff946f10000 of 64 bytes failed: Only part of a ReadProcessMemory or WriteProcessMemory request was completed. (0x12B)
[1221/135009.870:WARNING:pe_image_reader.cc(340)] could not read dos header from C:\WINDOWS\SYSTEM32\CRYPTBASE.DLL
[1221/135009.870:ERROR:process_memory_win.cc(73)] ReadMemory at 0x7ff612ac0000 of 64 bytes failed: Only part of a ReadProcessMemory or WriteProcessMemory request was completed. (0x12B)
[1221/135009.870:WARNING:pe_image_reader.cc(340)] could not read dos header from C:\Program Files (x86)\Google\Chrome\Application\chrome.exe
[1221/135009.870:ERROR:process_memory_win.cc(73)] ReadMemory at 0x7ff94adf0000 of 64 bytes failed: Only part of a ReadProcessMemory or WriteProcessMemory request was completed. (0x12B)
[1221/135009.870:WARNING:pe_image_reader.cc(340)] could not read dos header from C:\WINDOWS\SYSTEM32\ntdll.dll
[1221/135009.870:ERROR:process_memory_win.cc(73)] ReadMemory at 0x7ff948680000 of 64 bytes failed: Only part of a ReadProcessMemory or WriteProcessMemory request was completed. (0x12B)
[1221/135009.870:WARNING:pe_image_reader.cc(340)] could not read dos header from C:\WINDOWS\system32\KERNEL32.DLL
[1221/135009.870:ERROR:process_memory_win.cc(73)] ReadMemory at 0x7ff947d90000 of 64 bytes failed: Only part of a ReadProcessMemory or WriteProcessMemory request was completed. (0x12B)
[1221/135009.870:WARNING:pe_image_reader.cc(340)] could not read dos header from C:\WINDOWS\system32\KERNELBASE.dll
[1221/135009.870:ERROR:process_memory_win.cc(73)] ReadMemory at 0x7ff9368c0000 of 64 bytes failed: Only part of a ReadProcessMemory or WriteProcessMemory request was completed. (0x12B)
[1221/135009.870:WARNING:pe_image_reader.cc(340)] could not read dos header from C:\Program Files (x86)\Google\Chrome\Application\87.0.4280.88\chrome_elf.dll
[1221/135009.870:ERROR:process_memory_win.cc(73)] ReadMemory at 0x7ff943b70000 of 64 bytes failed: Only part of a ReadProcessMemory or WriteProcessMemory request was completed. (0x12B)
[1221/135009.870:WARNING:pe_image_reader.cc(340)] could not read dos header from C:\WINDOWS\SYSTEM32\VERSION.dll
[1221/135009.870:ERROR:process_memory_win.cc(73)] ReadMemory at 0x7ff948790000 of 64 bytes failed: Only part of a ReadProcessMemory or WriteProcessMemory request was completed. (0x12B)
[1221/135009.870:WARNING:pe_image_reader.cc(340)] could not read dos header from C:\WINDOWS\system32\msvcrt.dll
[1221/135009.870:ERROR:process_memory_win.cc(73)] ReadMemory at 0x7ff9476d0000 of 64 bytes failed: Only part of a ReadProcessMemory or WriteProcessMemory request was completed. (0x12B)
[1221/135009.870:WARNING:pe_image_reader.cc(340)] could not read dos header from C:\WINDOWS\system32\bcryptPrimitives.dll
[1221/135009.870:ERROR:process_memory_win.cc(73)] ReadMemory at 0x7ff9482e0000 of 64 bytes failed: Only part of a ReadProcessMemory or WriteProcessMemory request was completed. (0x12B)
[1221/135009.871:WARNING:pe_image_reader.cc(340)] could not read dos header from C:\WINDOWS\system32\ADVAPI32.dll
[1221/135009.871:ERROR:process_memory_win.cc(73)] ReadMemory at 0x7ff949170000 of 64 bytes failed: Only part of a ReadProcessMemory or WriteProcessMemory request was completed. (0x12B)
[1221/135009.871:WARNING:pe_image_reader.cc(340)] could not read dos header from C:\WINDOWS\system32\sechost.dll
[1221/135009.871:ERROR:process_memory_win.cc(73)] ReadMemory at 0x7ff949620000 of 64 bytes failed: Only part of a ReadProcessMemory or WriteProcessMemory request was completed. (0x12B)
[1221/135009.871:WARNING:pe_image_reader.cc(340)] could not read dos header from C:\WINDOWS\system32\RPCRT4.dll
[1221/135009.871:ERROR:process_memory_win.cc(73)] ReadMemory at 0x7ff90e9e0000 of 64 bytes failed: Only part of a ReadProcessMemory or WriteProcessMemory request was completed. (0x12B)
[1221/135009.871:WARNING:pe_image_reader.cc(340)] could not read dos header from C:\Program Files (x86)\Google\Chrome\Application\87.0.4280.88\chrome.dll
[1221/135009.871:ERROR:process_memory_win.cc(73)] ReadMemory at 0x7ff949100000 of 64 bytes failed: Only part of a ReadProcessMemory or WriteProcessMemory request was completed. (0x12B)
[1221/135009.871:WARNING:pe_image_reader.cc(340)] could not read dos header from C:\WINDOWS\system32\WS2_32.dll
[1221/135009.871:ERROR:process_memory_win.cc(73)] ReadMemory at 0x7ff9497a0000 of 64 bytes failed: Only part of a ReadProcessMemory or WriteProcessMemory request was completed. (0x12B)
[1221/135009.871:WARNING:pe_image_reader.cc(340)] could not read dos header from C:\WINDOWS\system32\OLEAUT32.dll
[1221/135009.871:ERROR:process_memory_win.cc(73)] ReadMemory at 0x7ff9493a0000 of 64 bytes failed: Only part of a ReadProcessMemory or WriteProcessMemory request was completed. (0x12B)
[1221/135009.871:WARNING:pe_image_reader.cc(340)] could not read dos header from C:\WINDOWS\system32\combase.dll
[1221/135009.871:ERROR:process_memory_win.cc(73)] ReadMemory at 0x7ff9474a0000 of 64 bytes failed: Only part of a ReadProcessMemory or WriteProcessMemory request was completed. (0x12B)
[1221/135009.871:WARNING:pe_image_reader.cc(340)] could not read dos header from C:\WINDOWS\system32\WINTRUST.dll
[1221/135009.871:ERROR:process_memory_win.cc(73)] ReadMemory at 0x7ff947490000 of 64 bytes failed: Only part of a ReadProcessMemory or WriteProcessMemory request was completed. (0x12B)
[1221/135009.871:WARNING:pe_image_reader.cc(340)] could not read dos header from C:\WINDOWS\system32\MSASN1.dll
[1221/135009.871:ERROR:process_memory_win.cc(73)] ReadMemory at 0x7ff947500000 of 64 bytes failed: Only part of a ReadProcessMemory or WriteProcessMemory request was completed. (0x12B)
[1221/135009.871:WARNING:pe_image_reader.cc(340)] could not read dos header from C:\WINDOWS\system32\CRYPT32.dll
[1221/135009.871:ERROR:process_memory_win.cc(73)] ReadMemory at 0x7ff938730000 of 64 bytes failed: Only part of a ReadProcessMemory or WriteProcessMemory request was completed. (0x12B)
[1221/135009.871:WARNING:pe_image_reader.cc(340)] could not read dos header from C:\WINDOWS\SYSTEM32\dbghelp.dll
[1221/135009.871:ERROR:process_memory_win.cc(73)] ReadMemory at 0x7ff943b20000 of 64 bytes failed: Only part of a ReadProcessMemory or WriteProcessMemory request was completed. (0x12B)
[1221/135009.871:WARNING:pe_image_reader.cc(340)] could not read dos header from C:\WINDOWS\SYSTEM32\IPHLPAPI.DLL
[1221/135009.871:ERROR:process_memory_win.cc(73)] ReadMemory at 0x7ff945640000 of 64 bytes failed: Only part of a ReadProcessMemory or WriteProcessMemory request was completed. (0x12B)
[1221/135009.871:WARNING:pe_image_reader.cc(340)] could not read dos header from C:\WINDOWS\SYSTEM32\WINMM.dll
[1221/135009.871:ERROR:process_memory_win.cc(73)] ReadMemory at 0x7ff948830000 of 64 bytes failed: Only part of a ReadProcessMemory or WriteProcessMemory request was completed. (0x12B)
[1221/135009.871:WARNING:pe_image_reader.cc(340)] could not read dos header from C:\WINDOWS\system32\USER32.dll
[1221/135009.871:ERROR:process_memory_win.cc(73)] ReadMemory at 0x7ff948f70000 of 64 bytes failed: Only part of a ReadProcessMemory or WriteProcessMemory request was completed. (0x12B)
[1221/135009.871:WARNING:pe_image_reader.cc(340)] could not read dos header from C:\WINDOWS\system32\GDI32.dll
[1221/135009.872:ERROR:process_memory_win.cc(73)] ReadMemory at 0x7ff937e20000 of 64 bytes failed: Only part of a ReadProcessMemory or WriteProcessMemory request was completed. (0x12B)
[1221/135009.872:WARNING:pe_image_reader.cc(340)] could not read dos header from C:\WINDOWS\SYSTEM32\UIAutomationCore.DLL
[1221/135009.872:ERROR:process_memory_win.cc(73)] ReadMemory at 0x7ff93b2f0000 of 64 bytes failed: Only part of a ReadProcessMemory or WriteProcessMemory request was completed. (0x12B)
[1221/135009.872:WARNING:pe_image_reader.cc(340)] could not read dos header from C:\WINDOWS\SYSTEM32\Secur32.dll
[1221/135009.872:ERROR:process_memory_win.cc(73)] ReadMemory at 0x7ff946bd0000 of 64 bytes failed: Only part of a ReadProcessMemory or WriteProcessMemory request was completed. (0x12B)
[1221/135009.872:WARNING:pe_image_reader.cc(340)] could not read dos header from C:\WINDOWS\SYSTEM32\USERENV.dll
[1221/135009.872:ERROR:process_memory_win.cc(73)] ReadMemory at 0x7ff947410000 of 64 bytes failed: Only part of a ReadProcessMemory or WriteProcessMemory request was completed. (0x12B)
[1221/135009.872:WARNING:pe_image_reader.cc(340)] could not read dos header from C:\WINDOWS\system32\profapi.dll
[1221/135009.872:ERROR:process_memory_win.cc(73)] ReadMemory at 0x7ff93d110000 of 64 bytes failed: Only part of a ReadProcessMemory or WriteProcessMemory request was completed. (0x12B)
[1221/135009.872:WARNING:pe_image_reader.cc(340)] could not read dos header from C:\WINDOWS\SYSTEM32\DWrite.dll
[1221/135009.872:ERROR:process_memory_win.cc(73)] ReadMemory at 0x7ff934250000 of 64 bytes failed: Only part of a ReadProcessMemory or WriteProcessMemory request was completed. (0x12B)
[1221/135009.872:WARNING:pe_image_reader.cc(340)] could not read dos header from C:\WINDOWS\SYSTEM32\WINSPOOL.DRV
[1221/135009.872:ERROR:process_memory_win.cc(73)] ReadMemory at 0x7ff941870000 of 64 bytes failed: Only part of a ReadProcessMemory or WriteProcessMemory request was completed. (0x12B)
[1221/135009.872:WARNING:pe_image_reader.cc(340)] could not read dos header from C:\WINDOWS\SYSTEM32\WINHTTP.dll
[1221/135009.872:ERROR:process_memory_win.cc(73)] ReadMemory at 0x7ff943ae0000 of 64 bytes failed: Only part of a ReadProcessMemory or WriteProcessMemory request was completed. (0x12B)
[1221/135009.872:WARNING:pe_image_reader.cc(340)] could not read dos header from C:\WINDOWS\SYSTEM32\dhcpcsvc.DLL
[1221/135009.872:ERROR:process_memory_win.cc(73)] ReadMemory at 0x7ff948560000 of 64 bytes failed: Only part of a ReadProcessMemory or WriteProcessMemory request was completed. (0x12B)
[1221/135009.872:WARNING:pe_image_reader.cc(340)] could not read dos header from C:\WINDOWS\system32\NSI.dll
[1221/135009.872:ERROR:process_memory_win.cc(73)] ReadMemory at 0x7ff9455e0000 of 64 bytes failed: Only part of a ReadProcessMemory or WriteProcessMemory request was completed. (0x12B)
[1221/135009.872:WARNING:pe_image_reader.cc(340)] could not read dos header from C:\WINDOWS\SYSTEM32\WINMMBASE.dll
[1221/135009.872:ERROR:process_memory_win.cc(73)] ReadMemory at 0x7ff9480c0000 of 64 bytes failed: Only part of a ReadProcessMemory or WriteProcessMemory request was completed. (0x12B)
[1221/135009.872:WARNING:pe_image_reader.cc(340)] could not read dos header from C:\WINDOWS\system32\cfgmgr32.dll
[1221/135009.872:ERROR:process_memory_win.cc(73)] ReadMemory at 0x7ff9472a0000 of 64 bytes failed: Only part of a ReadProcessMemory or WriteProcessMemory request was completed. (0x12B)
[1221/135009.872:WARNING:pe_image_reader.cc(340)] could not read dos header from C:\WINDOWS\SYSTEM32\bcrypt.dll
[1221/135009.872:ERROR:process_memory_win.cc(73)] ReadMemory at 0x7ff9470f0000 of 64 bytes failed: Only part of a ReadProcessMemory or WriteProcessMemory request was completed. (0x12B)
[1221/135009.872:WARNING:pe_image_reader.cc(340)] could not read dos header from C:\WINDOWS\SYSTEM32\SSPICLI.DLL
[1221/135009.872:ERROR:process_memory_win.cc(73)] ReadMemory at 0x7ff9482a0000 of 64 bytes failed: Only part of a ReadProcessMemory or WriteProcessMemory request was completed. (0x12B)
[1221/135009.872:WARNING:pe_image_reader.cc(340)] could not read dos header from C:\WINDOWS\system32\IMM32.DLL
[1221/135009.873:ERROR:process_memory_win.cc(73)] ReadMemory at 0x7ff946f10000 of 64 bytes failed: Only part of a ReadProcessMemory or WriteProcessMemory request was completed. (0x12B)
[1221/135009.873:WARNING:pe_image_reader.cc(340)] could not read dos header from C:\WINDOWS\SYSTEM32\CRYPTBASE.DLL
[1221/135011.207:ERROR:process_memory_win.cc(73)] ReadMemory at 0x4dfaff7000 of 36864 bytes failed: Only part of a ReadProcessMemory or WriteProcessMemory request was completed. (0x12B)
[1221/135011.208:ERROR:process_memory_win.cc(73)] ReadMemory at 0x4dfb7fe000 of 8192 bytes failed: Only part of a ReadProcessMemory or WriteProcessMemory request was completed. (0x12B)
[1221/135011.208:ERROR:process_memory_win.cc(73)] ReadMemory at 0x4dfbff6000 of 40960 bytes failed: Only part of a ReadProcessMemory or WriteProcessMemory request was completed. (0x12B)
[1221/135011.208:ERROR:process_memory_win.cc(73)] ReadMemory at 0x4dfc7fe000 of 8192 bytes failed: Only part of a ReadProcessMemory or WriteProcessMemory request was completed. (0x12B)
[1221/135011.208:ERROR:process_memory_win.cc(73)] ReadMemory at 0x4dfcffd000 of 12288 bytes failed: Only part of a ReadProcessMemory or WriteProcessMemory request was completed. (0x12B)
[1221/135011.208:ERROR:process_memory_win.cc(73)] ReadMemory at 0x4dfd7ff000 of 4096 bytes failed: Only part of a ReadProcessMemory or WriteProcessMemory request was completed. (0x12B)
[1221/135011.208:ERROR:process_memory_win.cc(73)] ReadMemory at 0x4dfdffe000 of 8192 bytes failed: Only part of a ReadProcessMemory or WriteProcessMemory request was completed. (0x12B)
[1221/135011.208:ERROR:process_memory_win.cc(73)] ReadMemory at 0x4dfe7fd000 of 12288 bytes failed: Only part of a ReadProcessMemory or WriteProcessMemory request was completed. (0x12B)
[1221/135011.208:ERROR:process_memory_win.cc(73)] ReadMemory at 0x4dfeffc000 of 16384 bytes failed: Only part of a ReadProcessMemory or WriteProcessMemory request was completed. (0x12B)
[1221/135011.208:ERROR:process_memory_win.cc(73)] ReadMemory at 0x4dff7fe000 of 8192 bytes failed: Only part of a ReadProcessMemory or WriteProcessMemory request was completed. (0x12B)
[1221/135011.208:ERROR:process_memory_win.cc(73)] ReadMemory at 0x4dffffe000 of 8192 bytes failed: Only part of a ReadProcessMemory or WriteProcessMemory request was completed. (0x12B)
[1221/135011.209:ERROR:process_memory_win.cc(73)] ReadMemory at 0x4d807fe000 of 8192 bytes failed: Only part of a ReadProcessMemory or WriteProcessMemory request was completed. (0x12B)
[1221/135011.209:ERROR:process_memory_win.cc(73)] ReadMemory at 0x4d817fc000 of 16384 bytes failed: Only part of a ReadProcessMemory or WriteProcessMemory request was completed. (0x12B)
[1221/135011.209:ERROR:process_memory_win.cc(73)] ReadMemory at 0x4d81fff000 of 4096 bytes failed: Only part of a ReadProcessMemory or WriteProcessMemory request was completed. (0x12B)
[1221/135011.209:ERROR:process_memory_win.cc(73)] ReadMemory at 0x4dfa6ad000 of 852 bytes failed: Only part of a ReadProcessMemory or WriteProcessMemory request was completed. (0x12B)
[1221/135011.209:ERROR:process_memory_win.cc(73)] ReadMemory at 0x4dfa6ae000 of 6024 bytes failed: Only part of a ReadProcessMemory or WriteProcessMemory request was completed. (0x12B)
[1221/135011.209:ERROR:process_memory_win.cc(73)] ReadMemory at 0x4dfa6b0000 of 6024 bytes failed: Only part of a ReadProcessMemory or WriteProcessMemory request was completed. (0x12B)
[1221/135011.209:ERROR:process_memory_win.cc(73)] ReadMemory at 0x4dfa6b2000 of 6024 bytes failed: Only part of a ReadProcessMemory or WriteProcessMemory request was completed. (0x12B)
[1221/135011.209:ERROR:process_memory_win.cc(73)] ReadMemory at 0x4dfa6b4000 of 6024 bytes failed: Only part of a ReadProcessMemory or WriteProcessMemory request was completed. (0x12B)
[1221/135011.209:ERROR:process_memory_win.cc(73)] ReadMemory at 0x4dfa6b6000 of 6024 bytes failed: Only part of a ReadProcessMemory or WriteProcessMemory request was completed. (0x12B)
[1221/135011.210:ERROR:process_memory_win.cc(73)] ReadMemory at 0x4dfa6b8000 of 6024 bytes failed: Only part of a ReadProcessMemory or WriteProcessMemory request was completed. (0x12B)
[1221/135011.210:ERROR:process_memory_win.cc(73)] ReadMemory at 0x4dfa6ba000 of 6024 bytes failed: Only part of a ReadProcessMemory or WriteProcessMemory request was completed. (0x12B)
[1221/135011.210:ERROR:process_memory_win.cc(73)] ReadMemory at 0x4dfa6bc000 of 6024 bytes failed: Only part of a ReadProcessMemory or WriteProcessMemory request was completed. (0x12B)
[1221/135011.210:ERROR:process_memory_win.cc(73)] ReadMemory at 0x4dfa6be000 of 6024 bytes failed: Only part of a ReadProcessMemory or WriteProcessMemory request was completed. (0x12B)
[1221/135011.210:ERROR:process_memory_win.cc(73)] ReadMemory at 0x4dfa6c0000 of 6024 bytes failed: Only part of a ReadProcessMemory or WriteProcessMemory request was completed. (0x12B)
[1221/135011.210:ERROR:process_memory_win.cc(73)] ReadMemory at 0x4dfa6c2000 of 6024 bytes failed: Only part of a ReadProcessMemory or WriteProcessMemory request was completed. (0x12B)
[1221/135011.210:ERROR:process_memory_win.cc(73)] ReadMemory at 0x4dfa6c4000 of 6024 bytes failed: Only part of a ReadProcessMemory or WriteProcessMemory request was completed. (0x12B)
[1221/135011.210:ERROR:process_memory_win.cc(73)] ReadMemory at 0x4dfa6c8000 of 6024 bytes failed: Only part of a ReadProcessMemory or WriteProcessMemory request was completed. (0x12B)
[1221/135011.210:ERROR:process_memory_win.cc(73)] ReadMemory at 0x4dfa6ca000 of 6024 bytes failed: Only part of a ReadProcessMemory or WriteProcessMemory request was completed. (0x12B)
[1221/135011.210:ERROR:process_memory_win.cc(73)] ReadMemory at 0x1cca91f0ee0 of 512 bytes failed: Only part of a ReadProcessMemory or WriteProcessMemory request was completed. (0x12B)
[1221/135011.210:ERROR:process_memory_win.cc(73)] ReadMemory at 0x1cca9280860 of 15396 bytes failed: Only part of a ReadProcessMemory or WriteProcessMemory request was completed. (0x12B)
[1221/135011.211:ERROR:process_memory_win.cc(73)] ReadMemory at 0x1cca9284490 of 1012 bytes failed: Only part of a ReadProcessMemory or WriteProcessMemory request was completed. (0x12B)
[1221/135011.211:ERROR:process_memory_win.cc(73)] ReadMemory at 0x1cca9284aa8 of 118 bytes failed: Only part of a ReadProcessMemory or WriteProcessMemory request was completed. (0x12B)
[1221/135011.211:ERROR:process_memory_win.cc(73)] ReadMemory at 0x1cca9284b20 of 636 bytes failed: Only part of a ReadProcessMemory or WriteProcessMemory request was completed. (0x12B)
[1221/135011.211:ERROR:process_memory_win.cc(73)] ReadMemory at 0x1cca9284d9e of 118 bytes failed: Only part of a ReadProcessMemory or WriteProcessMemory request was completed. (0x12B)
[1221/135011.211:ERROR:process_memory_win.cc(73)] ReadMemory at 0x1cca9284e16 of 96 bytes failed: Only part of a ReadProcessMemory or WriteProcessMemory request was completed. (0x12B)
[1221/135011.211:ERROR:process_memory_win.cc(73)] ReadMemory at 0x1cca9284e90 of 58 bytes failed: Only part of a ReadProcessMemory or WriteProcessMemory request was completed. (0x12B)
[1221/135011.211:ERROR:process_memory_win.cc(73)] ReadMemory at 0x1cca9284f90 of 132 bytes failed: Only part of a ReadProcessMemory or WriteProcessMemory request was completed. (0x12B)
[1221/135011.211:ERROR:process_memory_win.cc(73)] ReadMemory at 0x1cca9285110 of 132 bytes failed: Only part of a ReadProcessMemory or WriteProcessMemory request was completed. (0x12B)
[1221/135011.211:ERROR:process_memory_win.cc(73)] ReadMemory at 0x1cca92852c0 of 124 bytes failed: Only part of a ReadProcessMemory or WriteProcessMemory request was completed. (0x12B)
[1221/135011.211:ERROR:process_memory_win.cc(73)] ReadMemory at 0x1cca9285790 of 132 bytes failed: Only part of a ReadProcessMemory or WriteProcessMemory request was completed. (0x12B)
[1221/135011.211:ERROR:process_memory_win.cc(73)] ReadMemory at 0x1cca9285910 of 64 bytes failed: Only part of a ReadProcessMemory or WriteProcessMemory request was completed. (0x12B)
[1221/135011.211:ERROR:process_memory_win.cc(73)] ReadMemory at 0x1cca9285c60 of 132 bytes failed: Only part of a ReadProcessMemory or WriteProcessMemory request was completed. (0x12B)
[1221/135011.211:ERROR:process_memory_win.cc(73)] ReadMemory at 0x1cca9285de0 of 68 bytes failed: Only part of a ReadProcessMemory or WriteProcessMemory request was completed. (0x12B)
[1221/135011.211:ERROR:process_memory_win.cc(73)] ReadMemory at 0x1cca9286f80 of 132 bytes failed: Only part of a ReadProcessMemory or WriteProcessMemory request was completed. (0x12B)
[1221/135011.212:ERROR:process_memory_win.cc(73)] ReadMemory at 0x1cca92870a0 of 132 bytes failed: Only part of a ReadProcessMemory or WriteProcessMemory request was completed. (0x12B)
[1221/135011.212:ERROR:process_memory_win.cc(73)] ReadMemory at 0x1cca92871c0 of 152 bytes failed: Only part of a ReadProcessMemory or WriteProcessMemory request was completed. (0x12B)
[1221/135011.212:ERROR:process_memory_win.cc(73)] ReadMemory at 0x1cca9287ea0 of 62 bytes failed: Only part of a ReadProcessMemory or WriteProcessMemory request was completed. (0x12B)
[1221/135011.212:ERROR:process_memory_win.cc(73)] ReadMemory at 0x1cca9287fe0 of 132 bytes failed: Only part of a ReadProcessMemory or WriteProcessMemory request was completed. (0x12B)
[1221/135011.212:ERROR:process_memory_win.cc(73)] ReadMemory at 0x1cca9288620 of 60 bytes failed: Only part of a ReadProcessMemory or WriteProcessMemory request was completed. (0x12B)
[1221/135011.212:ERROR:process_memory_win.cc(73)] ReadMemory at 0x1cca9297210 of 64 bytes failed: Only part of a ReadProcessMemory or WriteProcessMemory request was completed. (0x12B)
[1221/135011.212:ERROR:process_memory_win.cc(73)] ReadMemory at 0x1cca9297260 of 64 bytes failed: Only part of a ReadProcessMemory or WriteProcessMemory request was completed. (0x12B)
[1221/135011.212:ERROR:process_memory_win.cc(73)] ReadMemory at 0x1cca92972b0 of 62 bytes failed: Only part of a ReadProcessMemory or WriteProcessMemory request was completed. (0x12B)
[1221/135011.212:ERROR:process_memory_win.cc(73)] ReadMemory at 0x1cca9297350 of 62 bytes failed: Only part of a ReadProcessMemory or WriteProcessMemory request was completed. (0x12B)
[1221/135011.212:ERROR:process_memory_win.cc(73)] ReadMemory at 0x1cca92973a0 of 64 bytes failed: Only part of a ReadProcessMemory or WriteProcessMemory request was completed. (0x12B)
[1221/135011.212:ERROR:process_memory_win.cc(73)] ReadMemory at 0x1cca9297440 of 66 bytes failed: Only part of a ReadProcessMemory or WriteProcessMemory request was completed. (0x12B)
[1221/135011.212:ERROR:process_memory_win.cc(73)] ReadMemory at 0x1cca9297490 of 60 bytes failed: Only part of a ReadProcessMemory or WriteProcessMemory request was completed. (0x12B)
[1221/135011.212:ERROR:process_memory_win.cc(73)] ReadMemory at 0x1cca92974e0 of 62 bytes failed: Only part of a ReadProcessMemory or WriteProcessMemory request was completed. (0x12B)
[1221/135011.212:ERROR:process_memory_win.cc(73)] ReadMemory at 0x1cca92977b0 of 60 bytes failed: Only part of a ReadProcessMemory or WriteProcessMemory request was completed. (0x12B)
[1221/135011.213:ERROR:process_memory_win.cc(73)] ReadMemory at 0x1cca9297850 of 64 bytes failed: Only part of a ReadProcessMemory or WriteProcessMemory request was completed. (0x12B)
[1221/135011.213:ERROR:process_memory_win.cc(73)] ReadMemory at 0x1cca92978a0 of 58 bytes failed: Only part of a ReadProcessMemory or WriteProcessMemory request was completed. (0x12B)
[1221/135011.213:ERROR:process_memory_win.cc(73)] ReadMemory at 0x1cca92978f0 of 60 bytes failed: Only part of a ReadProcessMemory or WriteProcessMemory request was completed. (0x12B)
[1221/135011.213:ERROR:process_memory_win.cc(73)] ReadMemory at 0x1cca9297940 of 62 bytes failed: Only part of a ReadProcessMemory or WriteProcessMemory request was completed. (0x12B)
[1221/135011.213:ERROR:process_memory_win.cc(73)] ReadMemory at 0x1cca92979e0 of 62 bytes failed: Only part of a ReadProcessMemory or WriteProcessMemory request was completed. (0x12B)
[1221/135011.213:ERROR:process_memory_win.cc(73)] ReadMemory at 0x1cca9297a30 of 64 bytes failed: Only part of a ReadProcessMemory or WriteProcessMemory request was completed. (0x12B)
[1221/135011.213:ERROR:process_memory_win.cc(73)] ReadMemory at 0x1cca9297b70 of 64 bytes failed: Only part of a ReadProcessMemory or WriteProcessMemory request was completed. (0x12B)
[1221/135011.213:ERROR:process_memory_win.cc(73)] ReadMemory at 0x1cca9297cb0 of 62 bytes failed: Only part of a ReadProcessMemory or WriteProcessMemory request was completed. (0x12B)
[1221/135011.213:ERROR:process_memory_win.cc(73)] ReadMemory at 0x1cca9297d50 of 60 bytes failed: Only part of a ReadProcessMemory or WriteProcessMemory request was completed. (0x12B)
[1221/135011.213:ERROR:process_memory_win.cc(73)] ReadMemory at 0x1cca9297ee0 of 60 bytes failed: Only part of a ReadProcessMemory or WriteProcessMemory request was completed. (0x12B)
[1221/135011.213:ERROR:process_memory_win.cc(73)] ReadMemory at 0x1cca9297f30 of 62 bytes failed: Only part of a ReadProcessMemory or WriteProcessMemory request was completed. (0x12B)
[1221/135011.213:ERROR:process_memory_win.cc(73)] ReadMemory at 0x1cca9297fd0 of 62 bytes failed: Only part of a ReadProcessMemory or WriteProcessMemory request was completed. (0x12B)
[1221/135011.213:ERROR:process_memory_win.cc(73)] ReadMemory at 0x1cca9298020 of 64 bytes failed: Only part of a ReadProcessMemory or WriteProcessMemory request was completed. (0x12B)
[1221/135011.213:ERROR:process_memory_win.cc(73)] ReadMemory at 0x1cca9298070 of 58 bytes failed: Only part of a ReadProcessMemory or WriteProcessMemory request was completed. (0x12B)
[1221/135011.214:ERROR:process_memory_win.cc(73)] ReadMemory at 0x1cca9298110 of 62 bytes failed: Only part of a ReadProcessMemory or WriteProcessMemory request was completed. (0x12B)
[1221/135011.238:ERROR:process_memory_win.cc(73)] ReadMemory at 0x1cca9298160 of 60 bytes failed: Only part of a ReadProcessMemory or WriteProcessMemory request was completed. (0x12B)
[1221/135011.238:ERROR:process_memory_win.cc(73)] ReadMemory at 0x1cca9299e40 of 80 bytes failed: Only part of a ReadProcessMemory or WriteProcessMemory request was completed. (0x12B)
[1221/135011.238:ERROR:process_memory_win.cc(73)] ReadMemory at 0x1cca929a920 of 80 bytes failed: Only part of a ReadProcessMemory or WriteProcessMemory request was completed. (0x12B)
[1221/135011.238:ERROR:process_memory_win.cc(73)] ReadMemory at 0x1cca929b3d0 of 132 bytes failed: Only part of a ReadProcessMemory or WriteProcessMemory request was completed. (0x12B)
[1221/135011.238:ERROR:process_memory_win.cc(73)] ReadMemory at 0x1cca929d1f0 of 132 bytes failed: Only part of a ReadProcessMemory or WriteProcessMemory request was completed. (0x12B)
[1221/135011.238:ERROR:process_memory_win.cc(73)] ReadMemory at 0x1cca929d4c0 of 132 bytes failed: Only part of a ReadProcessMemory or WriteProcessMemory request was completed. (0x12B)
[1221/135011.238:ERROR:process_memory_win.cc(73)] ReadMemory at 0x1cca92a0a70 of 54 bytes failed: Only part of a ReadProcessMemory or WriteProcessMemory request was completed. (0x12B)
[1221/135011.238:ERROR:process_memory_win.cc(73)] ReadMemory at 0x1cca92a2420 of 132 bytes failed: Only part of a ReadProcessMemory or WriteProcessMemory request was completed. (0x12B)
[1221/135011.238:ERROR:process_memory_win.cc(73)] ReadMemory at 0x1cca92a2620 of 144 bytes failed: Only part of a ReadProcessMemory or WriteProcessMemory request was completed. (0x12B)
[1221/135011.238:ERROR:process_memory_win.cc(73)] ReadMemory at 0x1cca92a28d0 of 132 bytes failed: Only part of a ReadProcessMemory or WriteProcessMemory request was completed. (0x12B)
[1221/135011.238:ERROR:process_memory_win.cc(73)] ReadMemory at 0x1cca92a29f0 of 132 bytes failed: Only part of a ReadProcessMemory or WriteProcessMemory request was completed. (0x12B)
[1221/135011.239:ERROR:process_memory_win.cc(73)] ReadMemory at 0x1cca92a2b10 of 132 bytes failed: Only part of a ReadProcessMemory or WriteProcessMemory request was completed. (0x12B)
[1221/135011.239:ERROR:process_memory_win.cc(73)] ReadMemory at 0x1cca92a2cd0 of 132 bytes failed: Only part of a ReadProcessMemory or WriteProcessMemory request was completed. (0x12B)
[1221/135011.239:ERROR:process_memory_win.cc(73)] ReadMemory at 0x1cca92a4aa0 of 132 bytes failed: Only part of a ReadProcessMemory or WriteProcessMemory request was completed. (0x12B)
[1221/135011.239:ERROR:process_memory_win.cc(73)] ReadMemory at 0x1cca92a4d80 of 132 bytes failed: Only part of a ReadProcessMemory or WriteProcessMemory request was completed. (0x12B)
[1221/135011.239:ERROR:process_memory_win.cc(73)] ReadMemory at 0x1cca92a4fb0 of 132 bytes failed: Only part of a ReadProcessMemory or WriteProcessMemory request was completed. (0x12B)
[1221/135011.239:ERROR:process_memory_win.cc(73)] ReadMemory at 0x1cca92a50d0 of 132 bytes failed: Only part of a ReadProcessMemory or WriteProcessMemory request was completed. (0x12B)
[1221/135011.239:ERROR:process_memory_win.cc(73)] ReadMemory at 0x1cca92a5310 of 132 bytes failed: Only part of a ReadProcessMemory or WriteProcessMemory request was completed. (0x12B)
[1221/135011.239:ERROR:process_memory_win.cc(73)] ReadMemory at 0x1cca92a5430 of 132 bytes failed: Only part of a ReadProcessMemory or WriteProcessMemory request was completed. (0x12B)
[1221/135011.239:ERROR:process_memory_win.cc(73)] ReadMemory at 0x1cca92a5550 of 132 bytes failed: Only part of a ReadProcessMemory or WriteProcessMemory request was completed. (0x12B)
[1221/135011.239:ERROR:process_memory_win.cc(73)] ReadMemory at 0x1cca92a5790 of 132 bytes failed: Only part of a ReadProcessMemory or WriteProcessMemory request was completed. (0x12B)
[1221/135011.239:ERROR:process_memory_win.cc(73)] ReadMemory at 0x1cca92a58b0 of 132 bytes failed: Only part of a ReadProcessMemory or WriteProcessMemory request was completed. (0x12B)
[1221/135011.239:ERROR:process_memory_win.cc(73)] ReadMemory at 0x1cca92a59d0 of 132 bytes failed: Only part of a ReadProcessMemory or WriteProcessMemory request was completed. (0x12B)
[1221/135011.240:ERROR:process_memory_win.cc(73)] ReadMemory at 0x1cca92a5af0 of 132 bytes failed: Only part of a ReadProcessMemory or WriteProcessMemory request was completed. (0x12B)
[1221/135011.240:ERROR:process_memory_win.cc(73)] ReadMemory at 0x1cca92a5c10 of 132 bytes failed: Only part of a ReadProcessMemory or WriteProcessMemory request was completed. (0x12B)
[1221/135011.240:ERROR:process_memory_win.cc(73)] ReadMemory at 0x1cca92a5d30 of 132 bytes failed: Only part of a ReadProcessMemory or WriteProcessMemory request was completed. (0x12B)
[1221/135011.240:ERROR:process_memory_win.cc(73)] ReadMemory at 0x1cca92a8880 of 132 bytes failed: Only part of a ReadProcessMemory or WriteProcessMemory request was completed. (0x12B)
[1221/135011.240:ERROR:process_memory_win.cc(73)] ReadMemory at 0x1cca92a8d00 of 132 bytes failed: Only part of a ReadProcessMemory or WriteProcessMemory request was completed. (0x12B)
[1221/135011.240:ERROR:process_memory_win.cc(73)] ReadMemory at 0x1cca92a9960 of 132 bytes failed: Only part of a ReadProcessMemory or WriteProcessMemory request was completed. (0x12B)
[1221/135011.240:ERROR:process_memory_win.cc(73)] ReadMemory at 0x1cca92a9ba0 of 132 bytes failed: Only part of a ReadProcessMemory or WriteProcessMemory request was completed. (0x12B)
[1221/135011.240:ERROR:process_memory_win.cc(73)] ReadMemory at 0x1cca92a9cc0 of 132 bytes failed: Only part of a ReadProcessMemory or WriteProcessMemory request was completed. (0x12B)
[1221/135011.240:ERROR:process_memory_win.cc(73)] ReadMemory at 0x1cca92a9de0 of 132 bytes failed: Only part of a ReadProcessMemory or WriteProcessMemory request was completed. (0x12B)
[1221/135011.241:ERROR:process_memory_win.cc(73)] ReadMemory at 0x1cca92a9f00 of 132 bytes failed: Only part of a ReadProcessMemory or WriteProcessMemory request was completed. (0x12B)
[1221/135011.241:ERROR:process_memory_win.cc(73)] ReadMemory at 0x1cca92aa140 of 132 bytes failed: Only part of a ReadProcessMemory or WriteProcessMemory request was completed. (0x12B)
[1221/135011.356:ERROR:process_memory_win.cc(73)] ReadMemory at 0x1cca92aa260 of 132 bytes failed: Only part of a ReadProcessMemory or WriteProcessMemory request was completed. (0x12B)
[1221/135011.356:ERROR:process_memory_win.cc(73)] ReadMemory at 0x1cca92ad3f0 of 58 bytes failed: Only part of a ReadProcessMemory or WriteProcessMemory request was completed. (0x12B)
[1221/135011.356:ERROR:process_memory_win.cc(73)] ReadMemory at 0x1cca92f52a0 of 512 bytes failed: Only part of a ReadProcessMemory or WriteProcessMemory request was completed. (0x12B)
[1221/135011.356:ERROR:process_memory_win.cc(73)] ReadMemory at 0x1cca92f6320 of 512 bytes failed: Only part of a ReadProcessMemory or WriteProcessMemory request was completed. (0x12B)
[1221/135011.356:ERROR:process_memory_win.cc(73)] ReadMemory at 0x1cca92fe900 of 512 bytes failed: Only part of a ReadProcessMemory or WriteProcessMemory request was completed. (0x12B)
[1221/135011.356:ERROR:process_memory_win.cc(73)] ReadMemory at 0x1cca930dcb0 of 512 bytes failed: Only part of a ReadProcessMemory or WriteProcessMemory request was completed. (0x12B)
[1221/135011.356:ERROR:process_memory_win.cc(73)] ReadMemory at 0x1cca930e800 of 712 bytes failed: Only part of a ReadProcessMemory or WriteProcessMemory request was completed. (0x12B)
[1221/135011.397:ERROR:process_memory_win.cc(73)] ReadMemory at 0x1cca9317728 of 512 bytes failed: Only part of a ReadProcessMemory or WriteProcessMemory request was completed. (0x12B)
[1221/135011.397:ERROR:process_memory_win.cc(73)] ReadMemory at 0x1cca93235c0 of 512 bytes failed: Only part of a ReadProcessMemory or WriteProcessMemory request was completed. (0x12B)
[1221/135011.397:ERROR:process_memory_win.cc(73)] ReadMemory at 0x1cca9331660 of 512 bytes failed: Only part of a ReadProcessMemory or WriteProcessMemory request was completed. (0x12B)
[1221/135011.397:ERROR:process_memory_win.cc(73)] ReadMemory at 0x1cca9359670 of 512 bytes failed: Only part of a ReadProcessMemory or WriteProcessMemory request was completed. (0x12B)
[1221/135011.398:ERROR:process_memory_win.cc(73)] ReadMemory at 0x1cca9368ab0 of 512 bytes failed: Only part of a ReadProcessMemory or WriteProcessMemory request was completed. (0x12B)
[1221/135011.398:ERROR:process_memory_win.cc(73)] ReadMemory at 0x1ccaae30000 of 384 bytes failed: Only part of a ReadProcessMemory or WriteProcessMemory request was completed. (0x12B)
[1221/135011.398:ERROR:process_memory_win.cc(73)] ReadMemory at 0x1ccaae37e50 of 512 bytes failed: Only part of a ReadProcessMemory or WriteProcessMemory request was completed. (0x12B)
[1221/135011.398:ERROR:process_memory_win.cc(73)] ReadMemory at 0x1ccaae44d00 of 512 bytes failed: Only part of a ReadProcessMemory or WriteProcessMemory request was completed. (0x12B)
[1221/135011.413:ERROR:process_memory_win.cc(73)] ReadMemory at 0x1ccaae4a0a0 of 512 bytes failed: Only part of a ReadProcessMemory or WriteProcessMemory request was completed. (0x12B)
[1221/135011.413:ERROR:process_memory_win.cc(73)] ReadMemory at 0x1ccaae5f3a0 of 616 bytes failed: Only part of a ReadProcessMemory or WriteProcessMemory request was completed. (0x12B)
[1221/135011.413:ERROR:process_memory_win.cc(73)] ReadMemory at 0x1ccaaea3e40 of 640 bytes failed: Only part of a ReadProcessMemory or WriteProcessMemory request was completed. (0x12B)
[1221/135011.413:ERROR:process_memory_win.cc(73)] ReadMemory at 0x1ccaaeaa9a0 of 512 bytes failed: Only part of a ReadProcessMemory or WriteProcessMemory request was completed. (0x12B)
[1221/135011.413:ERROR:process_memory_win.cc(73)] ReadMemory at 0x1ccaaf23b40 of 512 bytes failed: Only part of a ReadProcessMemory or WriteProcessMemory request was completed. (0x12B)
[1221/135011.413:ERROR:process_memory_win.cc(73)] ReadMemory at 0x1ccab12ff80 of 512 bytes failed: Only part of a ReadProcessMemory or WriteProcessMemory request was completed. (0x12B)
[1221/135011.413:ERROR:process_memory_win.cc(73)] ReadMemory at 0x1ccab193e00 of 512 bytes failed: Only part of a ReadProcessMemory or WriteProcessMemory request was completed. (0x12B)
[1221/135011.413:ERROR:process_memory_win.cc(73)] ReadMemory at 0x1ccab1c64a0 of 512 bytes failed: Only part of a ReadProcessMemory or WriteProcessMemory request was completed. (0x12B)
[1221/135011.413:ERROR:process_memory_win.cc(73)] ReadMemory at 0x1ccab234420 of 512 bytes failed: Only part of a ReadProcessMemory or WriteProcessMemory request was completed. (0x12B)
[1221/135011.413:ERROR:process_memory_win.cc(73)] ReadMemory at 0x1ccb17c4000 of 400 bytes failed: Only part of a ReadProcessMemory or WriteProcessMemory request was completed. (0x12B)
[1221/135011.414:ERROR:process_memory_win.cc(73)] ReadMemory at 0x1ccb17c6ec0 of 512 bytes failed: Only part of a ReadProcessMemory or WriteProcessMemory request was completed. (0x12B)
[1221/135011.414:ERROR:process_memory_win.cc(73)] ReadMemory at 0x1ccb770a810 of 512 bytes failed: Only part of a ReadProcessMemory or WriteProcessMemory request was completed. (0x12B)
[1221/135011.414:ERROR:process_memory_win.cc(73)] ReadMemory at 0x1ccb773e680 of 512 bytes failed: Only part of a ReadProcessMemory or WriteProcessMemory request was completed. (0x12B)
[1221/135011.414:ERROR:process_memory_win.cc(73)] ReadMemory at 0x490c08042241 of 512 bytes failed: Only part of a ReadProcessMemory or WriteProcessMemory request was completed. (0x12B)
[1221/135011.414:ERROR:process_memory_win.cc(73)] ReadMemory at 0x4bcff74b9f70 of 512 bytes failed: Only part of a ReadProcessMemory or WriteProcessMemory request was completed. (0x12B)
[1221/135011.414:ERROR:process_memory_win.cc(73)] ReadMemory at 0x5c4785d1d1d8 of 512 bytes failed: Only part of a ReadProcessMemory or WriteProcessMemory request was completed. (0x12B)
[1221/135011.414:ERROR:process_memory_win.cc(73)] ReadMemory at 0x71e9a0c1c610 of 512 bytes failed: Only part of a ReadProcessMemory or WriteProcessMemory request was completed. (0x12B)
[1221/135011.414:ERROR:process_memory_win.cc(73)] ReadMemory at 0x71e9a3a0c781 of 512 bytes failed: Only part of a ReadProcessMemory or WriteProcessMemory request was completed. (0x12B)
[1221/135011.414:ERROR:process_memory_win.cc(73)] ReadMemory at 0x7ff9109360d6 of 512 bytes failed: Only part of a ReadProcessMemory or WriteProcessMemory request was completed. (0x12B)
[1221/135011.414:ERROR:process_memory_win.cc(73)] ReadMemory at 0x7ff912ba7590 of 512 bytes failed: Only part of a ReadProcessMemory or WriteProcessMemory request was completed. (0x12B)
[1221/135011.414:ERROR:process_memory_win.cc(73)] ReadMemory at 0x7ff9169e7420 of 512 bytes failed: Only part of a ReadProcessMemory or WriteProcessMemory request was completed. (0x12B)
[1221/135011.414:ERROR:process_memory_win.cc(73)] ReadMemory at 0x7ff9368fa220 of 512 bytes failed: Only part of a ReadProcessMemory or WriteProcessMemory request was completed. (0x12B)
[1221/135011.414:ERROR:process_memory_win.cc(73)] ReadMemory at 0x7ff9368fa917 of 512 bytes failed: Only part of a ReadProcessMemory or WriteProcessMemory request was completed. (0x12B)
[1221/135011.415:ERROR:process_memory_win.cc(73)] ReadMemory at 0x7ff9486ad7c0 of 512 bytes failed: Only part of a ReadProcessMemory or WriteProcessMemory request was completed. (0x12B)
[1221/135011.415:ERROR:process_memory_win.cc(73)] ReadMemory at 0x7ff94adf9a70 of 512 bytes failed: Only part of a ReadProcessMemory or WriteProcessMemory request was completed. (0x12B)
[1221/135011.415:ERROR:process_memory_win.cc(73)] ReadMemory at 0x7ff94ae1e0b0 of 512 bytes failed: Only part of a ReadProcessMemory or WriteProcessMemory request was completed. (0x12B)
[1221/135011.415:ERROR:process_memory_win.cc(73)] ReadMemory at 0x7ff94ae950e4 of 832 bytes failed: Only part of a ReadProcessMemory or WriteProcessMemory request was completed. (0x12B)
[1221/135011.415:ERROR:process_memory_win.cc(73)] ReadMemory at 0x7ff94ae98714 of 608 bytes failed: Only part of a ReadProcessMemory or WriteProcessMemory request was completed. (0x12B)
[1221/135011.415:ERROR:process_memory_win.cc(73)] ReadMemory at 0x7ff94af01410 of 18 bytes failed: Only part of a ReadProcessMemory or WriteProcessMemory request was completed. (0x12B)
[1221/135011.415:ERROR:process_memory_win.cc(73)] ReadMemory at 0x7ff94af321e0 of 40 bytes failed: Only part of a ReadProcessMemory or WriteProcessMemory request was completed. (0x12B)
[1221/135011.415:ERROR:process_memory_win.cc(73)] ReadMemory at 0x7ff94af32d48 of 48 bytes failed: Only part of a ReadProcessMemory or WriteProcessMemory request was completed. (0x12B)
[1221/135011.415:ERROR:process_memory_win.cc(73)] ReadMemory at 0x7ff94af35200 of 64 bytes failed: Only part of a ReadProcessMemory or WriteProcessMemory request was completed. (0x12B)
[1221/135013.698:ERROR:scoped_process_suspend.cc(40)] NtResumeProcess: An attempt was made to access an exiting process. (0xc000010a)
[1221/140348.627:ERROR:directory_reader_win.cc(43)] FindFirstFile: The system cannot find the path specified. (0x3)
[1221/143123.180:ERROR:directory_reader_win.cc(43)] FindFirstFile: The system cannot find the path specified. (0x3)
[1221/214428.075:ERROR:directory_reader_win.cc(43)] FindFirstFile: The system cannot find the path specified. (0x3)
[1222/092859.958:ERROR:directory_reader_win.cc(43)] FindFirstFile: The system cannot find the path specified. (0x3)
[1223/072201.471:ERROR:directory_reader_win.cc(43)] FindFirstFile: The system cannot find the path specified. (0x3)
[1224/085514.280:ERROR:directory_reader_win.cc(43)] FindFirstFile: The system cannot find the path specified. (0x3)
[1224/093909.341:ERROR:directory_reader_win.cc(43)] FindFirstFile: The system cannot find the path specified. (0x3)
[1225/161033.175:ERROR:directory_reader_win.cc(43)] FindFirstFile: The system cannot find the path specified. (0x3)
[1229/102109.978:ERROR:directory_reader_win.cc(43)] FindFirstFile: The system cannot find the path specified. (0x3)
[1229/105225.030:ERROR:directory_reader_win.cc(43)] FindFirstFile: The system cannot find the path specified. (0x3)
[1230/080851.415:ERROR:directory_reader_win.cc(43)] FindFirstFile: The system cannot find the path specified. (0x3)
[1231/085600.784:ERROR:directory_reader_win.cc(43)] FindFirstFile: The system cannot find the path specified. (0x3)
[1231/175856.732:ERROR:directory_reader_win.cc(43)] FindFirstFile: The system cannot find the path specified. (0x3)
[1231/194135.862:ERROR:directory_reader_win.cc(43)] FindFirstFile: The system cannot find the path specified. (0x3)
[0101/091722.319:ERROR:directory_reader_win.cc(43)] FindFirstFile: The system cannot find the path specified. (0x3)
[0102/112134.027:ERROR:directory_reader_win.cc(43)] FindFirstFile: The system cannot find the path specified. (0x3)
[0102/153635.711:ERROR:directory_reader_win.cc(43)] FindFirstFile: The system cannot find the path specified. (0x3)
[0103/134548.177:ERROR:directory_reader_win.cc(43)] FindFirstFile: The system cannot find the path specified. (0x3)
[0104/101143.284:ERROR:directory_reader_win.cc(43)] FindFirstFile: The system cannot find the path specified. (0x3)
[0106/152726.590:ERROR:directory_reader_win.cc(43)] FindFirstFile: The system cannot find the path specified. (0x3)
[0106/153818.567:ERROR:directory_reader_win.cc(43)] FindFirstFile: The system cannot find the path specified. (0x3)
[0106/155914.758:ERROR:directory_reader_win.cc(43)] FindFirstFile: The system cannot find the path specified. (0x3)
[0108/105042.782:ERROR:directory_reader_win.cc(43)] FindFirstFile: The system cannot find the path specified. (0x3)
[0108/124154.381:ERROR:directory_reader_win.cc(43)] FindFirstFile: The system cannot find the path specified. (0x3)
[0108/161824.179:ERROR:directory_reader_win.cc(43)] FindFirstFile: The system cannot find the path specified. (0x3)
[0109/084329.892:ERROR:directory_reader_win.cc(43)] FindFirstFile: The system cannot find the path specified. (0x3)
[0119/093801.046:ERROR:directory_reader_win.cc(43)] FindFirstFile: The system cannot find the path specified. (0x3)
[0119/174205.813:ERROR:directory_reader_win.cc(43)] FindFirstFile: The system cannot find the path specified. (0x3)
[0120/082110.919:ERROR:directory_reader_win.cc(43)] FindFirstFile: The system cannot find the path specified. (0x3)
[0120/100103.589:ERROR:directory_reader_win.cc(43)] FindFirstFile: The system cannot find the path specified. (0x3)
[0120/122023.310:ERROR:directory_reader_win.cc(43)] FindFirstFile: The system cannot find the path specified. (0x3)
[0121/104944.936:ERROR:directory_reader_win.cc(43)] FindFirstFile: The system cannot find the path specified. (0x3)
[0122/182427.412:ERROR:directory_reader_win.cc(43)] FindFirstFile: The system cannot find the path specified. (0x3)
[0122/234436.319:ERROR:directory_reader_win.cc(43)] FindFirstFile: The system cannot find the path specified. (0x3)
[0123/074729.891:ERROR:directory_reader_win.cc(43)] FindFirstFile: The system cannot find the path specified. (0x3)
[0127/082401.187:ERROR:settings.cc(320)] Settings magic is not 1129342067
[0127/083922.174:ERROR:directory_reader_win.cc(43)] FindFirstFile: The system cannot find the path specified. (0x3)
[0223/193412.121:ERROR:filesystem_win.cc(148)] DeleteFile C:\Users\PURUSHOTH\AppData\Local\Google\Chrome\User Data\Crashpad\reports\f052d64d-efed-4f1b-bd74-dd9cbfdc18a3.dmp: The process cannot access the file because it is being used by another process. (0x20)
